[SHAPE  ] tests/complex/test_complex_source_fetching.py::test_aggregate_of_aggregate
[SHAPE  ] tests/optimization/test_inlining.py::test_non_nullable_null_guard_does_not_block_datasource_inlining
[SHAPE  ] tests/optimization/test_inlining.py::test_select_literal_is_rendered_with_aggregate_projection
[SHAPE  ] tests/optimization/test_merge_basic.py::test_inline_filter_basic
[ROWS   ] tests/optimization/test_inlining.py::test_select_literal_is_rendered_in_projection
[SHAPE  ] tests/complex/test_bound_conversion_existence.py::test_bound_conversion_existence_presto
[SHAPE  ] tests/optimization/test_union_branch_projection_collision.py::test_nested_greatest_refresh_keeps_watermark_projection
[SHAPE  ] tests/complex/test_rowset.py::test_rowset_alias_name_collision
[SHAPE  ] tests/persistence/test_basic_persistence.py::test_persist_with_where
[ROWS   ] tests/engine/test_duckdb_filter.py::test_aggregate_filter_uses_having
[SHAPE  ] tests/engine/test_duckdb_filter.py::test_in_subselect_with_inlined_datasource
[SHAPE  ] tests/engine/test_duckdb_filter.py::test_filter_scalar_aggregate_not_restricted_by_staging
[SHAPE  ] tests/stdlib/test_report.py::test_top_x_by_metric
[SHAPE  ] tests/modeling/geography/test_landmark_updates.py::test_exact_match_merge_preserves_subgraph_filters
[SHAPE  ] tests/modeling/gcat/test_gcat.py::test_equals_comparison
[SHAPE  ] tests/modeling/gcat/test_gcat.py::test_join_discovery
[ROWS   ] tests/modeling/join_resolution/test_join_resolution.py::test_ambiguous_error_with_forced_join
[ROWS   ] tests/modeling/join_resolution/test_join_resolution.py::test_ambiguous_error_with_forced_join_order
[SHAPE  ] tests/modeling/ncaa/test_ncaa.py::test_adhoc07
[SHAPE  ] tests/modeling/ncaa/test_ncaa.py::test_adhoc08
[ROWS   ] tests/modeling/rides_example/test_ride_example.py::test_example_model
[XPASS  ] tests/modeling/test_complex.py::test_in_select
[SHAPE  ] tests/modeling/stocks/test_stocks.py::test_provider_name
[SHAPE  ] tests/modeling/stocks/test_stocks.py::test_calculated_field
[SHAPE  ] tests/modeling/usa_names/test_names.py::test_aggregate_filter_anonymous
[SHAPE  ] tests/modeling/usa_names/test_names.py::test_group_by_with_existing
[SHAPE  ] tests/modeling/usa_names/test_names.py::test_filter_constant
[SHAPE  ] tests/modeling/tpc_h/instantiated/tpc_h/test_instantiated_tpc_h.py::test_adhoc07
[SHAPE  ] tests/modeling/tpc_ds_duckdb/test_queries.py::test_two
[SHAPE  ] tests/modeling/tpc_ds_duckdb/test_queries.py::test_ten
[SHAPE  ] tests/modeling/tpc_ds_duckdb/test_queries.py::test_twelve
[SHAPE  ] tests/modeling/tpc_ds_duckdb/test_queries.py::test_two_one
[SHAPE  ] tests/modeling/tpc_ds_duckdb/test_queries.py::test_twenty
[SHAPE  ] tests/modeling/tpc_ds_duckdb/test_queries.py::test_two_two
[SHAPE  ] tests/modeling/tpc_ds_duckdb/test_queries.py::test_twenty_three
[SHAPE  ] tests/modeling/tpc_ds_duckdb/test_queries.py::test_thirty_alt
[SHAPE  ] tests/modeling/tpc_ds_duckdb/test_queries.py::test_forty_seven
[SHAPE  ] tests/modeling/tpc_ds_duckdb/test_queries.py::test_fifty_seven
[SHAPE  ] tests/modeling/tpc_ds_duckdb/test_queries.py::test_fifty
[SHAPE  ] tests/modeling/tpc_ds_duckdb/test_queries.py::test_sixty_two
[SHAPE  ] tests/modeling/tpc_ds_duckdb/test_queries.py::test_sixty_nine
[SHAPE  ] tests/modeling/tpc_ds_duckdb/test_queries.py::test_eighty_one
[SHAPE  ] tests/modeling/tpc_ds_duckdb/test_queries.py::test_seventy_three
[ROWS   ] tests/modeling/tpc_ds_duckdb/test_non_benchmark_queries.py::test_def_wrapped_filtered_aggregate_in_basic_expression_keeps_aggregate
[SHAPE  ] tests/modeling/tpc_ds_duckdb/test_queries.py::test_ninety_four
[SHAPE  ] tests/modeling/tpc_ds_duckdb/test_non_benchmark_queries.py::test_rowset_arithmetic_argument_keeps_precedence
[SHAPE  ] tests/modeling/tpc_ds_duckdb/test_queries.py::test_seventy_six
[XPASS  ] tests/modeling/tpc_ds_duckdb/test_queries.py::test_ninety_seven_one
[SHAPE  ] tests/modeling/tpc_ds_duckdb/test_non_benchmark_queries.py::test_having_nested
[ROWS   ] tests/engine/test_duckdb.py::test_composite_rollup_aggregate_keeps_group_by
[SHAPE  ] tests/modeling/geography/test_landmark_updates.py::test_exact_match_resolution
[SHAPE  ] tests/modeling/geography/test_landmark_updates.py::test_exact_match_with_parenthetical_extra_filter
[SHAPE  ] tests/modeling/tpc_ds_duckdb/test_non_benchmark_queries.py::test_two_merge_aggregate_compacts_inline_window_query
[XPASS  ] tests/modeling/tpc_ds_duckdb/test_queries.py::test_ninety_seven_two
[SHAPE  ] tests/modeling/tpc_ds_duckdb/test_queries.py::test_sixty_eight
[SHAPE  ] tests/modeling/tpc_ds_duckdb/test_queries.py::test_forty_six

=== SUMMARY ===
  SHAPE    46
  ROWS     7
  XPASS    3

--- XPASS ---
  tests/modeling/test_complex.py::test_in_select
      
  tests/modeling/tpc_ds_duckdb/test_queries.py::test_ninety_seven_one
      
  tests/modeling/tpc_ds_duckdb/test_queries.py::test_ninety_seven_two
      

--- ROWS ---
  tests/optimization/test_inlining.py::test_select_literal_is_rendered_in_projection
      assert 'SELECT\n   ...s "label"\n)' not in '\nWITH \nqu...ical" on 1=1'
  tests/engine/test_duckdb_filter.py::test_aggregate_filter_uses_having
      assert 'CASE WHEN' not in '\nWITH \nqu..._orders" asc'
  tests/modeling/join_resolution/test_join_resolution.py::test_ambiguous_error_with_forced_join
      assert 4 == 3
  tests/modeling/join_resolution/test_join_resolution.py::test_ambiguous_error_with_forced_join_order
      assert 6 == 5
  tests/modeling/rides_example/test_ride_example.py::test_example_model
      assert 1 == 4
  tests/modeling/tpc_ds_duckdb/test_non_benchmark_queries.py::test_def_wrapped_filtered_aggregate_in_basic_expression_keeps_aggregate
      assert 0 == 2
  tests/engine/test_duckdb.py::test_composite_rollup_aggregate_keeps_group_by
      AssertionError: assert [('aa', 'xp',...60.0'), None)] == [('aa', 'xp',..., 60.0, None)]
