done complex/test_bound_conversion_existence.py
done complex/test_window_function_parsing.py
done discovery/test_aggregates_comprehensive.py
done discovery/test_aggregate_resolution_coverage.py
done discovery/test_aggregate_handling.py
done complex/test_rowset.py
done discovery/test_discovery.py
done discovery/test_year_alias_resolution.py
done discovery/test_primary_source_aggregate_fallback.py
done engine/demo/test_demo_duckdb_import.py
done engine/demo/test_demo_duckdb.py
done engine/test_dataframe.py
done engine/demo/test_demo_duckdb_subselect.py
done engine/test_duckdb_filter.py
done engine/test_duckdb.py
done engine/test_bigquery.py
done engine/test_sqlite.py
done modeling/aggregates/test_cardinality.py
done modeling/hackernews/test_hackernews_queries.py
done modeling/google_analytics/test_sane_ga_rendering.py
done modeling/aggregates/test_group_by.py
done modeling/join_resolution/test_join_resolution.py
done modeling/ncaa/test_ncaa.py
done modeling/test_complex.py
done modeling/rides_example/test_ride_example.py
done modeling/stocks/test_stocks.py
done modeling/test_core_concepts.py
done modeling/tpc_ds/test_queries.py
done modeling/usa_names/test_names.py
done modeling/tpc_h/instantiated/tpc_h/test_instantiated_tpc_h.py
done engine/demo/test_demo_duckdb_multi_table.py
done modeling/tpc_ds_duckdb/test_non_benchmark_queries.py
done modeling/tpc_h/test_tpch_queries.py
done optimization/test_inlining.py
done optimization/test_constant_optimization.py
done optimization/test_join_hoist.py
done optimization/test_merge_basic.py
done test_query_processing.py
done persistence/test_basic_persistence.py
done test_show.py
done scripts/test_refresh.py
done test_user_functions.py

Wrote C:\Users\ethan\coding_projects\pytrilogy\local_scripts\v4_sweep\reasons.md
